Traceback (most recent call last):
  File "C:\Users\USER\miniconda3\envs\ml_tf\lib\site-packages\jupyter_cache\executors\utils.py", line 58, in single_nb_execution
    executenb(
  File "C:\Users\USER\miniconda3\envs\ml_tf\lib\site-packages\nbclient\client.py", line 1305, in execute
    return NotebookClient(nb=nb, resources=resources, km=km, **kwargs).execute()
  File "C:\Users\USER\miniconda3\envs\ml_tf\lib\site-packages\jupyter_core\utils\__init__.py", line 173, in wrapped
    return loop.run_until_complete(inner)
  File "C:\Users\USER\miniconda3\envs\ml_tf\lib\asyncio\base_events.py", line 647, in run_until_complete
    return future.result()
  File "C:\Users\USER\miniconda3\envs\ml_tf\lib\site-packages\nbclient\client.py", line 705, in async_execute
    await self.async_execute_cell(
  File "C:\Users\USER\miniconda3\envs\ml_tf\lib\site-packages\nbclient\client.py", line 1058, in async_execute_cell
    await self._check_raise_for_error(cell, cell_index, exec_reply)
  File "C:\Users\USER\miniconda3\envs\ml_tf\lib\site-packages\nbclient\client.py", line 914, in _check_raise_for_error
    raise CellExecutionError.from_cell_and_msg(cell, exec_reply_content)
nbclient.exceptions.CellExecutionError: An error occurred while executing the following cell:
------------------
msft = yf.Ticker("AAPL")
msft.info
------------------


[1;31m---------------------------------------------------------------------------[0m
[1;31mTypeError[0m                                 Traceback (most recent call last)
Cell [1;32mIn[3], line 2[0m
[0;32m      1[0m msft [38;5;241m=[39m yf[38;5;241m.[39mTicker([38;5;124m"[39m[38;5;124mAAPL[39m[38;5;124m"[39m)
[1;32m----> 2[0m [43mmsft[49m[38;5;241;43m.[39;49m[43minfo[49m

File [1;32m~\miniconda3\envs\ml_tf\lib\site-packages\yfinance\ticker.py:142[0m, in [0;36mTicker.info[1;34m(self)[0m
[0;32m    140[0m [38;5;129m@property[39m
[0;32m    141[0m [38;5;28;01mdef[39;00m [38;5;21minfo[39m([38;5;28mself[39m) [38;5;241m-[39m[38;5;241m>[39m [38;5;28mdict[39m:
[1;32m--> 142[0m     [38;5;28;01mreturn[39;00m [38;5;28;43mself[39;49m[38;5;241;43m.[39;49m[43mget_info[49m[43m([49m[43m)[49m

File [1;32m~\miniconda3\envs\ml_tf\lib\site-packages\yfinance\base.py:1736[0m, in [0;36mTickerBase.get_info[1;34m(self, proxy)[0m
[0;32m   1734[0m [38;5;28;01mdef[39;00m [38;5;21mget_info[39m([38;5;28mself[39m, proxy[38;5;241m=[39m[38;5;28;01mNone[39;00m) [38;5;241m-[39m[38;5;241m>[39m [38;5;28mdict[39m:
[0;32m   1735[0m     [38;5;28mself[39m[38;5;241m.[39m_quote[38;5;241m.[39mproxy [38;5;241m=[39m proxy
[1;32m-> 1736[0m     data [38;5;241m=[39m [38;5;28;43mself[39;49m[38;5;241;43m.[39;49m[43m_quote[49m[38;5;241;43m.[39;49m[43minfo[49m
[0;32m   1737[0m     [38;5;28;01mreturn[39;00m data

File [1;32m~\miniconda3\envs\ml_tf\lib\site-packages\yfinance\scrapers\quote.py:572[0m, in [0;36mQuote.info[1;34m(self)[0m
[0;32m    569[0m [38;5;129m@property[39m
[0;32m    570[0m [38;5;28;01mdef[39;00m [38;5;21minfo[39m([38;5;28mself[39m) [38;5;241m-[39m[38;5;241m>[39m [38;5;28mdict[39m:
[0;32m    571[0m     [38;5;28;01mif[39;00m [38;5;28mself[39m[38;5;241m.[39m_info [38;5;129;01mis[39;00m [38;5;28;01mNone[39;00m:
[1;32m--> 572[0m         [38;5;28;43mself[39;49m[38;5;241;43m.[39;49m[43m_fetch[49m[43m([49m[38;5;28;43mself[39;49m[38;5;241;43m.[39;49m[43mproxy[49m[43m)[49m
[0;32m    573[0m         [38;5;28mself[39m[38;5;241m.[39m_fetch_complementary([38;5;28mself[39m[38;5;241m.[39mproxy)
[0;32m    575[0m     [38;5;28;01mreturn[39;00m [38;5;28mself[39m[38;5;241m.[39m_info

File [1;32m~\miniconda3\envs\ml_tf\lib\site-packages\yfinance\scrapers\quote.py:602[0m, in [0;36mQuote._fetch[1;34m(self, proxy)[0m
[0;32m    600[0m modules [38;5;241m=[39m [38;5;124m'[39m[38;5;124m,[39m[38;5;124m'[39m[38;5;241m.[39mjoin(modules)
[0;32m    601[0m params_dict [38;5;241m=[39m {[38;5;124m"[39m[38;5;124mmodules[39m[38;5;124m"[39m: modules, [38;5;124m"[39m[38;5;124mssl[39m[38;5;124m"[39m: [38;5;124m"[39m[38;5;124mtrue[39m[38;5;124m"[39m}
[1;32m--> 602[0m result [38;5;241m=[39m [38;5;28;43mself[39;49m[38;5;241;43m.[39;49m[43m_data[49m[38;5;241;43m.[39;49m[43mget_raw_json[49m[43m([49m
[0;32m    603[0m [43m    [49m[43m_BASIC_URL_[49m[43m [49m[38;5;241;43m+[39;49m[43m [49m[38;5;124;43mf[39;49m[38;5;124;43m"[39;49m[38;5;124;43m/[39;49m[38;5;132;43;01m{[39;49;00m[38;5;28;43mself[39;49m[38;5;241;43m.[39;49m[43m_symbol[49m[38;5;132;43;01m}[39;49;00m[38;5;124;43m"[39;49m[43m,[49m[43m [49m[43mparams[49m[38;5;241;43m=[39;49m[43mparams_dict[49m[43m,[49m[43m [49m[43mproxy[49m[38;5;241;43m=[39;49m[43mproxy[49m
[0;32m    604[0m [43m[49m[43m)[49m
[0;32m    605[0m result[[38;5;124m"[39m[38;5;124mquoteSummary[39m[38;5;124m"[39m][[38;5;124m"[39m[38;5;124mresult[39m[38;5;124m"[39m][[38;5;241m0[39m][[38;5;124m"[39m[38;5;124msymbol[39m[38;5;124m"[39m] [38;5;241m=[39m [38;5;28mself[39m[38;5;241m.[39m_symbol
[0;32m    606[0m query1_info [38;5;241m=[39m [38;5;28mnext[39m(
[0;32m    607[0m     (info [38;5;28;01mfor[39;00m info [38;5;129;01min[39;00m result[38;5;241m.[39mget([38;5;124m"[39m[38;5;124mquoteSummary[39m[38;5;124m"[39m, {})[38;5;241m.[39mget([38;5;124m"[39m[38;5;124mresult[39m[38;5;124m"[39m, []) [38;5;28;01mif[39;00m info[[38;5;124m"[39m[38;5;124msymbol[39m[38;5;124m"[39m] [38;5;241m==[39m [38;5;28mself[39m[38;5;241m.[39m_symbol),
[0;32m    608[0m     [38;5;28;01mNone[39;00m,
[0;32m    609[0m )

File [1;32m~\miniconda3\envs\ml_tf\lib\site-packages\yfinance\data.py:399[0m, in [0;36mYfData.get_raw_json[1;34m(self, url, user_agent_headers, params, proxy, timeout)[0m
[0;32m    397[0m [38;5;28;01mdef[39;00m [38;5;21mget_raw_json[39m([38;5;28mself[39m, url, user_agent_headers[38;5;241m=[39m[38;5;28;01mNone[39;00m, params[38;5;241m=[39m[38;5;28;01mNone[39;00m, proxy[38;5;241m=[39m[38;5;28;01mNone[39;00m, timeout[38;5;241m=[39m[38;5;241m30[39m):
[0;32m    398[0m     utils[38;5;241m.[39mget_yf_logger()[38;5;241m.[39mdebug([38;5;124mf[39m[38;5;124m'[39m[38;5;124mget_raw_json(): [39m[38;5;132;01m{[39;00murl[38;5;132;01m}[39;00m[38;5;124m'[39m)
[1;32m--> 399[0m     response [38;5;241m=[39m [38;5;28;43mself[39;49m[38;5;241;43m.[39;49m[43mget[49m[43m([49m[43murl[49m[43m,[49m[43m [49m[43muser_agent_headers[49m[38;5;241;43m=[39;49m[43muser_agent_headers[49m[43m,[49m[43m [49m[43mparams[49m[38;5;241;43m=[39;49m[43mparams[49m[43m,[49m[43m [49m[43mproxy[49m[38;5;241;43m=[39;49m[43mproxy[49m[43m,[49m[43m [49m[43mtimeout[49m[38;5;241;43m=[39;49m[43mtimeout[49m[43m)[49m
[0;32m    400[0m     response[38;5;241m.[39mraise_for_status()
[0;32m    401[0m     [38;5;28;01mreturn[39;00m response[38;5;241m.[39mjson()

File [1;32m~\miniconda3\envs\ml_tf\lib\site-packages\yfinance\utils.py:108[0m, in [0;36mlog_indent_decorator.<locals>.wrapper[1;34m(*args, **kwargs)[0m
[0;32m    105[0m logger[38;5;241m.[39mdebug([38;5;124mf[39m[38;5;124m'[39m[38;5;124mEntering [39m[38;5;132;01m{[39;00mfunc[38;5;241m.[39m[38;5;18m__name__[39m[38;5;132;01m}[39;00m[38;5;124m()[39m[38;5;124m'[39m)
[0;32m    107[0m [38;5;28;01mwith[39;00m IndentationContext():
[1;32m--> 108[0m     result [38;5;241m=[39m func([38;5;241m*[39margs, [38;5;241m*[39m[38;5;241m*[39mkwargs)
[0;32m    110[0m logger[38;5;241m.[39mdebug([38;5;124mf[39m[38;5;124m'[39m[38;5;124mExiting [39m[38;5;132;01m{[39;00mfunc[38;5;241m.[39m[38;5;18m__name__[39m[38;5;132;01m}[39;00m[38;5;124m()[39m[38;5;124m'[39m)
[0;32m    111[0m [38;5;28;01mreturn[39;00m result

File [1;32m~\miniconda3\envs\ml_tf\lib\site-packages\yfinance\data.py:348[0m, in [0;36mYfData.get[1;34m(self, url, user_agent_headers, params, proxy, timeout)[0m
[0;32m    345[0m [38;5;28;01mif[39;00m [38;5;124m'[39m[38;5;124mcrumb[39m[38;5;124m'[39m [38;5;129;01min[39;00m params:
[0;32m    346[0m     [38;5;28;01mraise[39;00m [38;5;167;01mException[39;00m([38;5;124m"[39m[38;5;124mDon[39m[38;5;124m'[39m[38;5;124mt manually add [39m[38;5;124m'[39m[38;5;124mcrumb[39m[38;5;124m'[39m[38;5;124m to params dict, let data.py handle it[39m[38;5;124m"[39m)
[1;32m--> 348[0m cookie, crumb, strategy [38;5;241m=[39m [38;5;28;43mself[39;49m[38;5;241;43m.[39;49m[43m_get_cookie_and_crumb[49m[43m([49m[43m)[49m
[0;32m    349[0m [38;5;28;01mif[39;00m crumb [38;5;129;01mis[39;00m [38;5;129;01mnot[39;00m [38;5;28;01mNone[39;00m:
[0;32m    350[0m     crumbs [38;5;241m=[39m {[38;5;124m'[39m[38;5;124mcrumb[39m[38;5;124m'[39m: crumb}

File [1;32m~\miniconda3\envs\ml_tf\lib\site-packages\yfinance\utils.py:108[0m, in [0;36mlog_indent_decorator.<locals>.wrapper[1;34m(*args, **kwargs)[0m
[0;32m    105[0m logger[38;5;241m.[39mdebug([38;5;124mf[39m[38;5;124m'[39m[38;5;124mEntering [39m[38;5;132;01m{[39;00mfunc[38;5;241m.[39m[38;5;18m__name__[39m[38;5;132;01m}[39;00m[38;5;124m()[39m[38;5;124m'[39m)
[0;32m    107[0m [38;5;28;01mwith[39;00m IndentationContext():
[1;32m--> 108[0m     result [38;5;241m=[39m func([38;5;241m*[39margs, [38;5;241m*[39m[38;5;241m*[39mkwargs)
[0;32m    110[0m logger[38;5;241m.[39mdebug([38;5;124mf[39m[38;5;124m'[39m[38;5;124mExiting [39m[38;5;132;01m{[39;00mfunc[38;5;241m.[39m[38;5;18m__name__[39m[38;5;132;01m}[39;00m[38;5;124m()[39m[38;5;124m'[39m)
[0;32m    111[0m [38;5;28;01mreturn[39;00m result

File [1;32m~\miniconda3\envs\ml_tf\lib\site-packages\yfinance\data.py:324[0m, in [0;36mYfData._get_cookie_and_crumb[1;34m(self, proxy, timeout)[0m
[0;32m    321[0m         cookie, crumb [38;5;241m=[39m [38;5;28mself[39m[38;5;241m.[39m_get_cookie_and_crumb_basic(proxy, timeout)
[0;32m    322[0m [38;5;28;01melse[39;00m:
[0;32m    323[0m     [38;5;66;03m# Fallback strategy[39;00m
[1;32m--> 324[0m     cookie, crumb [38;5;241m=[39m [38;5;28;43mself[39;49m[38;5;241;43m.[39;49m[43m_get_cookie_and_crumb_basic[49m[43m([49m[43mproxy[49m[43m,[49m[43m [49m[43mtimeout[49m[43m)[49m
[0;32m    325[0m     [38;5;28;01mif[39;00m cookie [38;5;129;01mis[39;00m [38;5;28;01mNone[39;00m [38;5;129;01mor[39;00m crumb [38;5;129;01mis[39;00m [38;5;28;01mNone[39;00m:
[0;32m    326[0m         [38;5;66;03m# Fail[39;00m
[0;32m    327[0m         [38;5;28mself[39m[38;5;241m.[39m_set_cookie_strategy([38;5;124m'[39m[38;5;124mcsrf[39m[38;5;124m'[39m, have_lock[38;5;241m=[39m[38;5;28;01mTrue[39;00m)

File [1;32m~\miniconda3\envs\ml_tf\lib\site-packages\yfinance\utils.py:108[0m, in [0;36mlog_indent_decorator.<locals>.wrapper[1;34m(*args, **kwargs)[0m
[0;32m    105[0m logger[38;5;241m.[39mdebug([38;5;124mf[39m[38;5;124m'[39m[38;5;124mEntering [39m[38;5;132;01m{[39;00mfunc[38;5;241m.[39m[38;5;18m__name__[39m[38;5;132;01m}[39;00m[38;5;124m()[39m[38;5;124m'[39m)
[0;32m    107[0m [38;5;28;01mwith[39;00m IndentationContext():
[1;32m--> 108[0m     result [38;5;241m=[39m func([38;5;241m*[39margs, [38;5;241m*[39m[38;5;241m*[39mkwargs)
[0;32m    110[0m logger[38;5;241m.[39mdebug([38;5;124mf[39m[38;5;124m'[39m[38;5;124mExiting [39m[38;5;132;01m{[39;00mfunc[38;5;241m.[39m[38;5;18m__name__[39m[38;5;132;01m}[39;00m[38;5;124m()[39m[38;5;124m'[39m)
[0;32m    111[0m [38;5;28;01mreturn[39;00m result

File [1;32m~\miniconda3\envs\ml_tf\lib\site-packages\yfinance\data.py:213[0m, in [0;36mYfData._get_cookie_and_crumb_basic[1;34m(self, proxy, timeout)[0m
[0;32m    211[0m [38;5;129m@utils[39m[38;5;241m.[39mlog_indent_decorator
[0;32m    212[0m [38;5;28;01mdef[39;00m [38;5;21m_get_cookie_and_crumb_basic[39m([38;5;28mself[39m, proxy, timeout):
[1;32m--> 213[0m     cookie [38;5;241m=[39m [38;5;28;43mself[39;49m[38;5;241;43m.[39;49m[43m_get_cookie_basic[49m[43m([49m[43mproxy[49m[43m,[49m[43m [49m[43mtimeout[49m[43m)[49m
[0;32m    214[0m     crumb [38;5;241m=[39m [38;5;28mself[39m[38;5;241m.[39m_get_crumb_basic(proxy, timeout)
[0;32m    215[0m     [38;5;28;01mreturn[39;00m cookie, crumb

File [1;32m~\miniconda3\envs\ml_tf\lib\site-packages\yfinance\data.py:156[0m, in [0;36mYfData._get_cookie_basic[1;34m(self, proxy, timeout)[0m
[0;32m    153[0m     utils[38;5;241m.[39mget_yf_logger()[38;5;241m.[39mdebug([38;5;124m'[39m[38;5;124mreusing cookie[39m[38;5;124m'[39m)
[0;32m    154[0m     [38;5;28;01mreturn[39;00m [38;5;28mself[39m[38;5;241m.[39m_cookie
[1;32m--> 156[0m [38;5;28mself[39m[38;5;241m.[39m_cookie [38;5;241m=[39m [38;5;28;43mself[39;49m[38;5;241;43m.[39;49m[43m_load_cookie_basic[49m[43m([49m[43m)[49m
[0;32m    157[0m [38;5;28;01mif[39;00m [38;5;28mself[39m[38;5;241m.[39m_cookie [38;5;129;01mis[39;00m [38;5;129;01mnot[39;00m [38;5;28;01mNone[39;00m:
[0;32m    158[0m     [38;5;28;01mreturn[39;00m [38;5;28mself[39m[38;5;241m.[39m_cookie

File [1;32m~\miniconda3\envs\ml_tf\lib\site-packages\yfinance\data.py:142[0m, in [0;36mYfData._load_cookie_basic[1;34m(self)[0m
[0;32m    141[0m [38;5;28;01mdef[39;00m [38;5;21m_load_cookie_basic[39m([38;5;28mself[39m):
[1;32m--> 142[0m     cookie_dict [38;5;241m=[39m [43mcache[49m[38;5;241;43m.[39;49m[43mget_cookie_cache[49m[43m([49m[43m)[49m[38;5;241;43m.[39;49m[43mlookup[49m[43m([49m[38;5;124;43m'[39;49m[38;5;124;43mbasic[39;49m[38;5;124;43m'[39;49m[43m)[49m
[0;32m    143[0m     [38;5;28;01mif[39;00m cookie_dict [38;5;129;01mis[39;00m [38;5;28;01mNone[39;00m:
[0;32m    144[0m         [38;5;28;01mreturn[39;00m [38;5;28;01mNone[39;00m

File [1;32m~\miniconda3\envs\ml_tf\lib\site-packages\yfinance\cache.py:362[0m, in [0;36m_CookieCache.lookup[1;34m(self, strategy)[0m
[0;32m    360[0m     data [38;5;241m=[39m  _CookieSchema[38;5;241m.[39mget(_CookieSchema[38;5;241m.[39mstrategy [38;5;241m==[39m strategy)
[0;32m    361[0m     cookie [38;5;241m=[39m _pkl[38;5;241m.[39mloads(data[38;5;241m.[39mcookie_bytes)
[1;32m--> 362[0m     [38;5;28;01mreturn[39;00m {[38;5;124m'[39m[38;5;124mcookie[39m[38;5;124m'[39m:cookie, [38;5;124m'[39m[38;5;124mage[39m[38;5;124m'[39m:[43m_datetime[49m[38;5;241;43m.[39;49m[43mdatetime[49m[38;5;241;43m.[39;49m[43mnow[49m[43m([49m[43m)[49m[38;5;241;43m-[39;49m[43mdata[49m[38;5;241;43m.[39;49m[43mfetch_date[49m}
[0;32m    363[0m [38;5;28;01mexcept[39;00m _CookieSchema[38;5;241m.[39mDoesNotExist:
[0;32m    364[0m     [38;5;28;01mreturn[39;00m [38;5;28;01mNone[39;00m

[1;31mTypeError[0m: unsupported operand type(s) for -: 'datetime.datetime' and 'str'

